[23-Oct-2018 21:54:22 Europe/Berlin] Hello World
[23-Oct-2018 21:56:20 Europe/Berlin] 1
[23-Oct-2018 21:57:14 Europe/Berlin] Array
(
    [fname] => Daimen
    [lname] => Ambers
    [phonenumber] => 7605968411
    [email] => daimen.ambers@capgemini.com
)

[23-Oct-2018 22:00:18 Europe/Berlin] Error: INSERT INTO second_phonebook (firstname, lastname, phonenumber, email)
                            VALUES (Daimen, Ambers, 7605968411, daimen.ambers@capgemini.com)You have an error in your SQL syntax; check the manual that corresponds to your MariaDB server version for the right syntax to use near '@capgemini.com)' at line 2
[23-Oct-2018 22:02:14 Europe/Berlin] Insert Successful
[23-Oct-2018 22:10:25 Europe/Berlin] Insert Successful
[23-Oct-2018 22:10:46 Europe/Berlin] Insert Successful
[24-Oct-2018 16:53:49 Europe/Berlin] Error: INSERT INTO second_phonebook (firstname, lastname)
                            VALUES ('DRock', 'SwagMoney')Unknown column 'email1' in 'field list'
[24-Oct-2018 16:59:36 Europe/Berlin] Insert Successful
[24-Oct-2018 17:11:40 Europe/Berlin] Insert Successful
[24-Oct-2018 17:20:49 Europe/Berlin] Insert Successful
[24-Oct-2018 17:35:18 Europe/Berlin] Insert Successful
[24-Oct-2018 17:35:36 Europe/Berlin] Insert Successful
[24-Oct-2018 17:35:56 Europe/Berlin] Insert Successful
[24-Oct-2018 17:36:42 Europe/Berlin] Insert Successful
[24-Oct-2018 17:39:29 Europe/Berlin] Insert Successful
[24-Oct-2018 17:39:34 Europe/Berlin] Insert Successful
[24-Oct-2018 17:39:48 Europe/Berlin] Insert Successful
[24-Oct-2018 17:39:57 Europe/Berlin] Insert Successful
[24-Oct-2018 20:04:01 Europe/Berlin] Insert Successful
[24-Oct-2018 21:37:48 Europe/Berlin] Insert Successful
[24-Oct-2018 23:00:24 Europe/Berlin] Insert Successful
[25-Oct-2018 19:08:10 Europe/Berlin] PHP Notice:  Undefined variable: conn in C:\Users\dambers\New folder\htdocs\Second_PhoneBook\PHP\insert.php on line 19
[25-Oct-2018 19:08:10 Europe/Berlin] PHP Fatal error:  Uncaught Error: Call to a member function query() on null in C:\Users\dambers\New folder\htdocs\Second_PhoneBook\PHP\insert.php:19
Stack trace:
#0 {main}
  thrown in C:\Users\dambers\New folder\htdocs\Second_PhoneBook\PHP\insert.php on line 19
[25-Oct-2018 20:34:05 Europe/Berlin] Insert Successful
[25-Oct-2018 22:05:06 Europe/Berlin] PHP Notice:  Undefined index: id in C:\Users\dambers\New folder\htdocs\Second_PhoneBook\PHP\editSubmit.php on line 12
[25-Oct-2018 22:05:06 Europe/Berlin] PHP Notice:  Undefined index: numberID in C:\Users\dambers\New folder\htdocs\Second_PhoneBook\PHP\editSubmit.php on line 13
[25-Oct-2018 22:05:06 Europe/Berlin] PHP Notice:  Undefined index: emailID in C:\Users\dambers\New folder\htdocs\Second_PhoneBook\PHP\editSubmit.php on line 14
[25-Oct-2018 22:05:06 Europe/Berlin] PHP Notice:  Undefined index: fname in C:\Users\dambers\New folder\htdocs\Second_PhoneBook\PHP\editSubmit.php on line 15
[25-Oct-2018 22:05:06 Europe/Berlin] PHP Notice:  Undefined index: lname in C:\Users\dambers\New folder\htdocs\Second_PhoneBook\PHP\editSubmit.php on line 16
[25-Oct-2018 22:05:06 Europe/Berlin] PHP Notice:  Undefined index: phonenumber in C:\Users\dambers\New folder\htdocs\Second_PhoneBook\PHP\editSubmit.php on line 17
[25-Oct-2018 22:05:06 Europe/Berlin] PHP Notice:  Undefined index: email in C:\Users\dambers\New folder\htdocs\Second_PhoneBook\PHP\editSubmit.php on line 18
[25-Oct-2018 22:05:06 Europe/Berlin] Error: UPDATE second_phonebook 
                    SET firstname = , lastname = 
                            WHERE id = You have an error in your SQL syntax; check the manual that corresponds to your MariaDB server version for the right syntax to use near ' lastname = 
                            WHERE id =' at line 2
[25-Oct-2018 22:07:35 Europe/Berlin] PHP Notice:  Undefined index: id in C:\Users\dambers\New folder\htdocs\Second_PhoneBook\PHP\editSubmit.php on line 12
[25-Oct-2018 22:07:35 Europe/Berlin] PHP Notice:  Undefined index: numberID in C:\Users\dambers\New folder\htdocs\Second_PhoneBook\PHP\editSubmit.php on line 13
[25-Oct-2018 22:07:35 Europe/Berlin] PHP Notice:  Undefined index: emailID in C:\Users\dambers\New folder\htdocs\Second_PhoneBook\PHP\editSubmit.php on line 14
[25-Oct-2018 22:07:35 Europe/Berlin] PHP Notice:  Undefined index: fname in C:\Users\dambers\New folder\htdocs\Second_PhoneBook\PHP\editSubmit.php on line 15
[25-Oct-2018 22:07:35 Europe/Berlin] PHP Notice:  Undefined index: lname in C:\Users\dambers\New folder\htdocs\Second_PhoneBook\PHP\editSubmit.php on line 16
[25-Oct-2018 22:07:35 Europe/Berlin] PHP Notice:  Undefined index: phonenumber in C:\Users\dambers\New folder\htdocs\Second_PhoneBook\PHP\editSubmit.php on line 17
[25-Oct-2018 22:07:35 Europe/Berlin] PHP Notice:  Undefined index: email in C:\Users\dambers\New folder\htdocs\Second_PhoneBook\PHP\editSubmit.php on line 18
[25-Oct-2018 22:07:35 Europe/Berlin] Error: UPDATE second_phonebook 
                    SET firstname = '', lastname = ''
                    WHERE id = ''Unknown column 'numberID' in 'where clause'
[25-Oct-2018 22:08:15 Europe/Berlin] PHP Notice:  Undefined index: id in C:\Users\dambers\New folder\htdocs\Second_PhoneBook\PHP\editSubmit.php on line 12
[25-Oct-2018 22:08:15 Europe/Berlin] PHP Notice:  Undefined index: numberID in C:\Users\dambers\New folder\htdocs\Second_PhoneBook\PHP\editSubmit.php on line 13
[25-Oct-2018 22:08:15 Europe/Berlin] PHP Notice:  Undefined index: emailID in C:\Users\dambers\New folder\htdocs\Second_PhoneBook\PHP\editSubmit.php on line 14
[25-Oct-2018 22:08:15 Europe/Berlin] PHP Notice:  Undefined index: fname in C:\Users\dambers\New folder\htdocs\Second_PhoneBook\PHP\editSubmit.php on line 15
[25-Oct-2018 22:08:15 Europe/Berlin] PHP Notice:  Undefined index: lname in C:\Users\dambers\New folder\htdocs\Second_PhoneBook\PHP\editSubmit.php on line 16
[25-Oct-2018 22:08:15 Europe/Berlin] PHP Notice:  Undefined index: phonenumber in C:\Users\dambers\New folder\htdocs\Second_PhoneBook\PHP\editSubmit.php on line 17
[25-Oct-2018 22:08:15 Europe/Berlin] PHP Notice:  Undefined index: email in C:\Users\dambers\New folder\htdocs\Second_PhoneBook\PHP\editSubmit.php on line 18
[25-Oct-2018 22:08:15 Europe/Berlin] Error: UPDATE second_phonebook 
                    SET firstname = '', lastname = ''
                    WHERE id = ''Unknown column 'numberID' in 'where clause'
[25-Oct-2018 22:10:09 Europe/Berlin] Insert Successful
[26-Oct-2018 15:56:57 Europe/Berlin] Insert Successful
[26-Oct-2018 16:16:04 Europe/Berlin] Insert Successful
[26-Oct-2018 19:07:44 Europe/Berlin] Insert Successful
[26-Oct-2018 19:08:28 Europe/Berlin] Insert Successful
[26-Oct-2018 19:09:31 Europe/Berlin] Insert Successful
[26-Oct-2018 19:09:44 Europe/Berlin] Insert Successful
[26-Oct-2018 19:10:09 Europe/Berlin] Insert Successful
[26-Oct-2018 19:10:30 Europe/Berlin] Insert Successful
[26-Oct-2018 19:11:10 Europe/Berlin] Insert Successful
[26-Oct-2018 19:12:29 Europe/Berlin] Insert Successful
[26-Oct-2018 19:14:13 Europe/Berlin] Insert Successful
[26-Oct-2018 19:15:18 Europe/Berlin] Insert Successful
[26-Oct-2018 19:17:03 Europe/Berlin] Insert Successful
[26-Oct-2018 19:19:19 Europe/Berlin] Insert Successful
[26-Oct-2018 20:22:45 Europe/Berlin] Insert Successful
[30-Oct-2018 21:27:52 Europe/Berlin] Insert Successful
[30-Oct-2018 21:29:38 Europe/Berlin] Insert Successful
[30-Oct-2018 21:30:56 Europe/Berlin] Insert Successful
[30-Oct-2018 21:46:36 Europe/Berlin] Insert Successful
[02-Nov-2018 13:14:58 Europe/Berlin] Error: INSERT INTO second_phonebook (firstname, lastname)
                            VALUES ('Daimen', 'Ambers')Cannot add or update a child row: a foreign key constraint fails (`phone_book`.`phone_numbers`, CONSTRAINT `fk_userid_phoneid` FOREIGN KEY (`userid`) REFERENCES `second_phonebook` (`id`) ON DELETE NO ACTION ON UPDATE NO ACTION)
[02-Nov-2018 13:15:48 Europe/Berlin] Error: INSERT INTO second_phonebook (firstname, lastname)
                            VALUES ('Daimen', 'Ambers')Cannot add or update a child row: a foreign key constraint fails (`phone_book`.`phone_numbers`, CONSTRAINT `fk_userid_phoneid` FOREIGN KEY (`userid`) REFERENCES `second_phonebook` (`id`) ON DELETE NO ACTION ON UPDATE NO ACTION)
[02-Nov-2018 13:23:24 Europe/Berlin] PHP Notice:  Undefined index: id in C:\Users\dambers\New folder\htdocs\second_pb\PHP\insert.php on line 12
[02-Nov-2018 13:23:24 Europe/Berlin] Error: INSERT INTO second_phonebook (firstname, lastname)
                            VALUES ('Daimen', 'Ambers')Cannot add or update a child row: a foreign key constraint fails (`phone_book`.`phone_numbers`, CONSTRAINT `fk_userid_phoneid` FOREIGN KEY (`userid`) REFERENCES `second_phonebook` (`id`) ON DELETE NO ACTION ON UPDATE NO ACTION)
[02-Nov-2018 13:25:00 Europe/Berlin] PHP Notice:  Undefined index: id in C:\Users\dambers\New folder\htdocs\second_pb\PHP\insert.php on line 12
[02-Nov-2018 13:25:00 Europe/Berlin] Error: INSERT INTO second_phonebook (firstname, lastname)
                            VALUES ('Daimen', 'Ambers')Cannot add or update a child row: a foreign key constraint fails (`phone_book`.`phone_numbers`, CONSTRAINT `fk_userid_phoneid` FOREIGN KEY (`userid`) REFERENCES `second_phonebook` (`id`) ON DELETE NO ACTION ON UPDATE NO ACTION)
[02-Nov-2018 13:39:05 Europe/Berlin] PHP Notice:  Undefined index: id in C:\Users\dambers\New folder\htdocs\second_pb\PHP\insert.php on line 12
[02-Nov-2018 13:39:05 Europe/Berlin] Error: INSERT INTO second_phonebook (firstname, lastname)
                            VALUES ('Daimen', 'Ambers')Column count doesn't match value count at row 1
[02-Nov-2018 13:40:39 Europe/Berlin] PHP Notice:  Undefined index: id in C:\Users\dambers\New folder\htdocs\second_pb\PHP\insert.php on line 12
[02-Nov-2018 13:40:39 Europe/Berlin] Error: INSERT INTO second_phonebook (id, firstname, lastname)
                            VALUES ('', 'Daimen', 'Ambers')Column count doesn't match value count at row 1
[02-Nov-2018 13:42:40 Europe/Berlin] Error: INSERT INTO second_phonebook (firstname, lastname)
                            VALUES ('Daimen', 'Ambers')Column count doesn't match value count at row 1
[02-Nov-2018 13:43:44 Europe/Berlin] Error: INSERT INTO second_phonebook (id, firstname, lastname)
                            VALUES ('', 'Daimen', 'Ambers')Column count doesn't match value count at row 1
[02-Nov-2018 16:58:04 Europe/Berlin] PHP Notice:  Undefined variable: phonenumbersql in C:\Users\dambers\New folder\htdocs\second_pb\PHP\insert.php on line 21
[02-Nov-2018 16:58:04 Europe/Berlin] PHP Warning:  mysqli::query(): Empty query in C:\Users\dambers\New folder\htdocs\second_pb\PHP\insert.php on line 21
